<?xml version="1.0" encoding="UTF-8"?>
<testsuite name="cringe.lab3.PointTest" tests="1" skipped="0" failures="0" errors="0" timestamp="2025-06-14T17:58:51.058Z" hostname="Mac.local" time="0.057">
  <properties/>
  <testcase name="checkCondition()" classname="cringe.lab3.PointTest" time="0.057"/>
  <system-out><![CDATA[]]></system-out>
  <system-err><![CDATA[]]></system-err>
</testsuite>
